TN:
SF:src/presentation/controllers/signup/signup.ts
FN:9,(anonymous_0)
FN:14,(anonymous_1)
FNF:2
FNH:2
FNDA:11,(anonymous_0)
FNDA:11,(anonymous_1)
DA:2,1
DA:3,1
DA:5,1
DA:10,11
DA:11,11
DA:15,11
DA:16,11
DA:17,11
DA:18,38
DA:19,4
DA:22,7
DA:23,7
DA:24,1
DA:26,6
DA:27,5
DA:28,2
DA:30,3
DA:35,2
DA:37,2
LF:19
LH:19
BRDA:18,0,0,4
BRDA:18,0,1,34
BRDA:23,1,0,1
BRDA:23,1,1,6
BRDA:27,2,0,2
BRDA:27,2,1,3
BRF:6
BRH:6
end_of_record
TN:
SF:src/presentation/errors/index.ts
FNF:0
FNH:0
DA:1,1
DA:2,1
DA:3,1
LF:3
LH:3
BRF:0
BRH:0
end_of_record
TN:
SF:src/presentation/errors/invalid-param-error.ts
FN:2,(anonymous_0)
FNF:1
FNH:1
FNDA:5,(anonymous_0)
DA:1,1
DA:3,5
DA:4,5
LF:3
LH:3
BRF:0
BRH:0
end_of_record
TN:
SF:src/presentation/errors/missing-param-error.ts
FN:2,(anonymous_0)
FNF:1
FNH:1
FNDA:8,(anonymous_0)
DA:1,1
DA:3,8
DA:4,8
LF:3
LH:3
BRF:0
BRH:0
end_of_record
TN:
SF:src/presentation/errors/server-error.ts
FN:2,(anonymous_0)
FNF:1
FNH:1
FNDA:4,(anonymous_0)
DA:1,1
DA:3,4
DA:4,4
LF:3
LH:3
BRF:0
BRH:0
end_of_record
TN:
SF:src/presentation/helpers/http-helper.ts
FN:4,(anonymous_0)
FN:9,(anonymous_1)
FN:14,(anonymous_2)
FNF:3
FNH:3
FNDA:7,(anonymous_0)
FNDA:2,(anonymous_1)
FNDA:2,(anonymous_2)
DA:1,1
DA:4,7
DA:9,2
DA:14,2
LF:4
LH:4
BRF:0
BRH:0
end_of_record
